[debug] [2022-09-15T22:52:45.190Z] ----------------------------------------------------------------------
[debug] [2022-09-15T22:52:45.192Z] Command:       C:\Program Files\nodejs\node.exe C:\Users\Robert\AppData\Roaming\npm\node_modules\firebase-tools\lib\bin\firebase.js init
[debug] [2022-09-15T22:52:45.192Z] CLI Version:   11.9.0
[debug] [2022-09-15T22:52:45.192Z] Platform:      win32
[debug] [2022-09-15T22:52:45.192Z] Node Version:  v14.18.0
[debug] [2022-09-15T22:52:45.193Z] Time:          Fri Sep 16 2022 01:52:45 GMT+0300 (Eastern European Summer Time)
[debug] [2022-09-15T22:52:45.193Z] ----------------------------------------------------------------------
[debug] 
[debug] [2022-09-15T22:52:45.195Z] >>> [apiv2][query] GET https://firebase-public.firebaseio.com/cli.json [none]
[debug] [2022-09-15T22:52:45.211Z] > command requires scopes: ["email","openid","https://www.googleapis.com/auth/cloudplatformprojects.readonly","https://www.googleapis.com/auth/firebase","https://www.googleapis.com/auth/cloud-platform"]
[debug] [2022-09-15T22:52:45.211Z] > authorizing via signed-in user (trifangrobert@gmail.com)
[info] 
     ######## #### ########  ######## ########     ###     ######  ########
     ##        ##  ##     ## ##       ##     ##  ##   ##  ##       ##
     ######    ##  ########  ######   ########  #########  ######  ######
     ##        ##  ##    ##  ##       ##     ## ##     ##       ## ##
     ##       #### ##     ## ######## ########  ##     ##  ######  ########

You're about to initialize a Firebase project in this directory:

  D:\Projects\congenial-couscous

[debug] [2022-09-15T22:52:45.596Z] <<< [apiv2][status] GET https://firebase-public.firebaseio.com/cli.json 200
[debug] [2022-09-15T22:52:45.596Z] <<< [apiv2][body] GET https://firebase-public.firebaseio.com/cli.json {"cloudBuildErrorAfter":1594252800000,"cloudBuildWarnAfter":1590019200000,"defaultNode10After":1594252800000,"minVersion":"3.0.5","node8DeploysDisabledAfter":1613390400000,"node8RuntimeDisabledAfter":1615809600000,"node8WarnAfter":1600128000000}
[debug] [2022-09-15T23:05:26.610Z] Error: kill ENOSYS
    at process.kill (internal/process/per_thread.js:204:13)
    at process.listener (C:\Users\Robert\AppData\Roaming\npm\node_modules\firebase-tools\node_modules\signal-exit\index.js:95:15)
    at process.emit (events.js:400:28)
[error] 
[error] Error: An unexpected error has occurred.
